{"/home/alaeddine/Documents/Moneyfactory/pages_web_parcours/mfai-user-journeys/services/index.ts": {"path":"/home/alaeddine/Documents/Moneyfactory/pages_web_parcours/mfai-user-journeys/services/index.ts","statementMap":{},"fnMap":{},"branchMap":{},"s":{},"f":{},"b":{}}
,"/home/alaeddine/Documents/Moneyfactory/pages_web_parcours/mfai-user-journeys/services/journeyService.ts": {"path":"/home/alaeddine/Documents/Moneyfactory/pages_web_parcours/mfai-user-journeys/services/journeyService.ts","statementMap":{"0":{"start":{"line":23,"column":17},"end":{"line":23,"column":46}},"1":{"start":{"line":29,"column":2},"end":{"line":50,"column":4}},"2":{"start":{"line":42,"column":44},"end":{"line":46,"column":5}},"3":{"start":{"line":65,"column":2},"end":{"line":67,"column":3}},"4":{"start":{"line":66,"column":4},"end":{"line":66,"column":62}},"5":{"start":{"line":69,"column":2},"end":{"line":79,"column":3}},"6":{"start":{"line":71,"column":29},"end":{"line":71,"column":66}},"7":{"start":{"line":74,"column":4},"end":{"line":76,"column":5}},"8":{"start":{"line":75,"column":6},"end":{"line":75,"column":30}},"9":{"start":{"line":78,"column":4},"end":{"line":78,"column":81}},"10":{"start":{"line":82,"column":2},"end":{"line":82,"column":60}},"11":{"start":{"line":97,"column":2},"end":{"line":100,"column":3}},"12":{"start":{"line":98,"column":4},"end":{"line":98,"column":89}},"13":{"start":{"line":99,"column":4},"end":{"line":99,"column":14}},"14":{"start":{"line":102,"column":22},"end":{"line":102,"column":44}},"15":{"start":{"line":105,"column":2},"end":{"line":111,"column":5}},"16":{"start":{"line":107,"column":24},"end":{"line":107,"column":52}},"17":{"start":{"line":108,"column":4},"end":{"line":108,"column":35}},"18":{"start":{"line":108,"column":22},"end":{"line":108,"column":35}},"19":{"start":{"line":110,"column":4},"end":{"line":110,"column":63}},"20":{"start":{"line":125,"column":2},"end":{"line":128,"column":3}},"21":{"start":{"line":126,"column":24},"end":{"line":126,"column":74}},"22":{"start":{"line":127,"column":4},"end":{"line":127,"column":79}},"23":{"start":{"line":127,"column":39},"end":{"line":127,"column":69}},"24":{"start":{"line":130,"column":2},"end":{"line":139,"column":3}},"25":{"start":{"line":132,"column":28},"end":{"line":132,"column":71}},"26":{"start":{"line":134,"column":4},"end":{"line":136,"column":5}},"27":{"start":{"line":135,"column":6},"end":{"line":135,"column":29}},"28":{"start":{"line":138,"column":4},"end":{"line":138,"column":94}},"29":{"start":{"line":142,"column":22},"end":{"line":142,"column":72}},"30":{"start":{"line":143,"column":2},"end":{"line":143,"column":77}},"31":{"start":{"line":143,"column":37},"end":{"line":143,"column":67}},"32":{"start":{"line":150,"column":22},"end":{"line":150,"column":44}},"33":{"start":{"line":151,"column":2},"end":{"line":151,"column":54}},"34":{"start":{"line":151,"column":36},"end":{"line":151,"column":52}},"35":{"start":{"line":172,"column":2},"end":{"line":174,"column":3}},"36":{"start":{"line":173,"column":4},"end":{"line":173,"column":16}},"37":{"start":{"line":178,"column":2},"end":{"line":180,"column":3}},"38":{"start":{"line":179,"column":4},"end":{"line":179,"column":17}},"39":{"start":{"line":183,"column":2},"end":{"line":185,"column":3}},"40":{"start":{"line":184,"column":4},"end":{"line":184,"column":16}},"41":{"start":{"line":188,"column":2},"end":{"line":190,"column":3}},"42":{"start":{"line":189,"column":4},"end":{"line":189,"column":17}},"43":{"start":{"line":194,"column":2},"end":{"line":201,"column":3}},"44":{"start":{"line":195,"column":4},"end":{"line":197,"column":5}},"45":{"start":{"line":196,"column":6},"end":{"line":196,"column":19}},"46":{"start":{"line":198,"column":4},"end":{"line":200,"column":5}},"47":{"start":{"line":199,"column":6},"end":{"line":199,"column":19}},"48":{"start":{"line":203,"column":2},"end":{"line":203,"column":14}}},"fnMap":{"0":{"name":"convertJourneyToJourneyContent","decl":{"start":{"line":28,"column":9},"end":{"line":28,"column":39}},"loc":{"start":{"line":28,"column":74},"end":{"line":51,"column":1}},"line":28},"1":{"name":"(anonymous_1)","decl":{"start":{"line":42,"column":33},"end":{"line":42,"column":34}},"loc":{"start":{"line":42,"column":44},"end":{"line":46,"column":5}},"line":42},"2":{"name":"getAllJourneys","decl":{"start":{"line":63,"column":22},"end":{"line":63,"column":36}},"loc":{"start":{"line":63,"column":66},"end":{"line":83,"column":1}},"line":63},"3":{"name":"getJourneysByPersona","decl":{"start":{"line":95,"column":22},"end":{"line":95,"column":42}},"loc":{"start":{"line":95,"column":92},"end":{"line":112,"column":1}},"line":95},"4":{"name":"(anonymous_4)","decl":{"start":{"line":105,"column":28},"end":{"line":105,"column":29}},"loc":{"start":{"line":105,"column":39},"end":{"line":111,"column":3}},"line":105},"5":{"name":"getJourneyBySlug","decl":{"start":{"line":123,"column":22},"end":{"line":123,"column":38}},"loc":{"start":{"line":123,"column":85},"end":{"line":144,"column":1}},"line":123},"6":{"name":"(anonymous_6)","decl":{"start":{"line":127,"column":28},"end":{"line":127,"column":29}},"loc":{"start":{"line":127,"column":39},"end":{"line":127,"column":69}},"line":127},"7":{"name":"(anonymous_7)","decl":{"start":{"line":143,"column":26},"end":{"line":143,"column":27}},"loc":{"start":{"line":143,"column":37},"end":{"line":143,"column":67}},"line":143},"8":{"name":"getAllJourneysMetadata","decl":{"start":{"line":149,"column":22},"end":{"line":149,"column":44}},"loc":{"start":{"line":149,"column":75},"end":{"line":152,"column":1}},"line":149},"9":{"name":"(anonymous_9)","decl":{"start":{"line":151,"column":25},"end":{"line":151,"column":26}},"loc":{"start":{"line":151,"column":36},"end":{"line":151,"column":52}},"line":151},"10":{"name":"isPhaseUnlocked","decl":{"start":{"line":170,"column":16},"end":{"line":170,"column":31}},"loc":{"start":{"line":170,"column":117},"end":{"line":204,"column":1}},"line":170}},"branchMap":{"0":{"loc":{"start":{"line":65,"column":2},"end":{"line":67,"column":3}},"type":"if","locations":[{"start":{"line":65,"column":2},"end":{"line":67,"column":3}},{"start":{},"end":{}}],"line":65},"1":{"loc":{"start":{"line":74,"column":4},"end":{"line":76,"column":5}},"type":"if","locations":[{"start":{"line":74,"column":4},"end":{"line":76,"column":5}},{"start":{},"end":{}}],"line":74},"2":{"loc":{"start":{"line":74,"column":8},"end":{"line":74,"column":55}},"type":"binary-expr","locations":[{"start":{"line":74,"column":8},"end":{"line":74,"column":24}},{"start":{"line":74,"column":28},"end":{"line":74,"column":55}}],"line":74},"3":{"loc":{"start":{"line":97,"column":2},"end":{"line":100,"column":3}},"type":"if","locations":[{"start":{"line":97,"column":2},"end":{"line":100,"column":3}},{"start":{},"end":{}}],"line":97},"4":{"loc":{"start":{"line":97,"column":6},"end":{"line":97,"column":47}},"type":"binary-expr","locations":[{"start":{"line":97,"column":6},"end":{"line":97,"column":27}},{"start":{"line":97,"column":31},"end":{"line":97,"column":47}}],"line":97},"5":{"loc":{"start":{"line":108,"column":4},"end":{"line":108,"column":35}},"type":"if","locations":[{"start":{"line":108,"column":4},"end":{"line":108,"column":35}},{"start":{},"end":{}}],"line":108},"6":{"loc":{"start":{"line":125,"column":2},"end":{"line":128,"column":3}},"type":"if","locations":[{"start":{"line":125,"column":2},"end":{"line":128,"column":3}},{"start":{},"end":{}}],"line":125},"7":{"loc":{"start":{"line":127,"column":11},"end":{"line":127,"column":78}},"type":"binary-expr","locations":[{"start":{"line":127,"column":11},"end":{"line":127,"column":70}},{"start":{"line":127,"column":74},"end":{"line":127,"column":78}}],"line":127},"8":{"loc":{"start":{"line":134,"column":4},"end":{"line":136,"column":5}},"type":"if","locations":[{"start":{"line":134,"column":4},"end":{"line":136,"column":5}},{"start":{},"end":{}}],"line":134},"9":{"loc":{"start":{"line":143,"column":9},"end":{"line":143,"column":76}},"type":"binary-expr","locations":[{"start":{"line":143,"column":9},"end":{"line":143,"column":68}},{"start":{"line":143,"column":72},"end":{"line":143,"column":76}}],"line":143},"10":{"loc":{"start":{"line":172,"column":2},"end":{"line":174,"column":3}},"type":"if","locations":[{"start":{"line":172,"column":2},"end":{"line":174,"column":3}},{"start":{},"end":{}}],"line":172},"11":{"loc":{"start":{"line":172,"column":6},"end":{"line":172,"column":57}},"type":"binary-expr","locations":[{"start":{"line":172,"column":6},"end":{"line":172,"column":32}},{"start":{"line":172,"column":36},"end":{"line":172,"column":57}}],"line":172},"12":{"loc":{"start":{"line":178,"column":2},"end":{"line":180,"column":3}},"type":"if","locations":[{"start":{"line":178,"column":2},"end":{"line":180,"column":3}},{"start":{},"end":{}}],"line":178},"13":{"loc":{"start":{"line":178,"column":6},"end":{"line":178,"column":66}},"type":"binary-expr","locations":[{"start":{"line":178,"column":6},"end":{"line":178,"column":27}},{"start":{"line":178,"column":31},"end":{"line":178,"column":46}},{"start":{"line":178,"column":50},"end":{"line":178,"column":66}}],"line":178},"14":{"loc":{"start":{"line":183,"column":2},"end":{"line":185,"column":3}},"type":"if","locations":[{"start":{"line":183,"column":2},"end":{"line":185,"column":3}},{"start":{},"end":{}}],"line":183},"15":{"loc":{"start":{"line":188,"column":2},"end":{"line":190,"column":3}},"type":"if","locations":[{"start":{"line":188,"column":2},"end":{"line":190,"column":3}},{"start":{},"end":{}}],"line":188},"16":{"loc":{"start":{"line":188,"column":6},"end":{"line":188,"column":47}},"type":"binary-expr","locations":[{"start":{"line":188,"column":6},"end":{"line":188,"column":20}},{"start":{"line":188,"column":24},"end":{"line":188,"column":47}}],"line":188},"17":{"loc":{"start":{"line":194,"column":2},"end":{"line":201,"column":3}},"type":"if","locations":[{"start":{"line":194,"column":2},"end":{"line":201,"column":3}},{"start":{},"end":{}}],"line":194},"18":{"loc":{"start":{"line":195,"column":4},"end":{"line":197,"column":5}},"type":"if","locations":[{"start":{"line":195,"column":4},"end":{"line":197,"column":5}},{"start":{},"end":{}}],"line":195},"19":{"loc":{"start":{"line":198,"column":4},"end":{"line":200,"column":5}},"type":"if","locations":[{"start":{"line":198,"column":4},"end":{"line":200,"column":5}},{"start":{},"end":{}}],"line":198}},"s":{"0":2,"1":0,"2":0,"3":0,"4":0,"5":0,"6":0,"7":0,"8":0,"9":0,"10":0,"11":0,"12":0,"13":0,"14":0,"15":0,"16":0,"17":0,"18":0,"19":0,"20":0,"21":0,"22":0,"23":0,"24":0,"25":0,"26":0,"27":0,"28":0,"29":0,"30":0,"31":0,"32":0,"33":0,"34":0,"35":0,"36":0,"37":0,"38":0,"39":0,"40":0,"41":0,"42":0,"43":0,"44":0,"45":0,"46":0,"47":0,"48":0},"f":{"0":0,"1":0,"2":0,"3":0,"4":0,"5":0,"6":0,"7":0,"8":0,"9":0,"10":0},"b":{"0":[0,0],"1":[0,0],"2":[0,0],"3":[0,0],"4":[0,0],"5":[0,0],"6":[0,0],"7":[0,0],"8":[0,0],"9":[0,0],"10":[0,0],"11":[0,0],"12":[0,0],"13":[0,0,0],"14":[0,0],"15":[0,0],"16":[0,0],"17":[0,0],"18":[0,0],"19":[0,0]},"_coverageSchema":"1a1c01bbd47fc00a2c39e90264f33305004495a9","hash":"c4592e10863a2b7fffc2e703466f50e4a65e39b8"}
,"/home/alaeddine/Documents/Moneyfactory/pages_web_parcours/mfai-user-journeys/stores/createTestStore.ts": {"path":"/home/alaeddine/Documents/Moneyfactory/pages_web_parcours/mfai-user-journeys/stores/createTestStore.ts","statementMap":{"0":{"start":{"line":12,"column":4},"end":{"line":12,"column":31}},"1":{"start":{"line":15,"column":0},"end":{"line":21,"column":4}},"2":{"start":{"line":15,"column":46},"end":{"line":21,"column":1}},"3":{"start":{"line":16,"column":24},"end":{"line":16,"column":44}},"4":{"start":{"line":17,"column":42},"end":{"line":17,"column":75}},"5":{"start":{"line":18,"column":38},"end":{"line":18,"column":64}},"6":{"start":{"line":20,"column":4},"end":{"line":20,"column":48}},"7":{"start":{"line":24,"column":31},"end":{"line":141,"column":1}},"8":{"start":{"line":26,"column":21},"end":{"line":26,"column":39}},"9":{"start":{"line":29,"column":2},"end":{"line":140,"column":6}},"10":{"start":{"line":29,"column":31},"end":{"line":140,"column":3}},"11":{"start":{"line":39,"column":6},"end":{"line":39,"column":42}},"12":{"start":{"line":40,"column":6},"end":{"line":49,"column":7}},"13":{"start":{"line":41,"column":25},"end":{"line":41,"column":51}},"14":{"start":{"line":42,"column":8},"end":{"line":42,"column":42}},"15":{"start":{"line":44,"column":8},"end":{"line":44,"column":72}},"16":{"start":{"line":45,"column":8},"end":{"line":48,"column":11}},"17":{"start":{"line":53,"column":6},"end":{"line":53,"column":42}},"18":{"start":{"line":54,"column":6},"end":{"line":62,"column":7}},"19":{"start":{"line":55,"column":25},"end":{"line":55,"column":64}},"20":{"start":{"line":56,"column":8},"end":{"line":56,"column":42}},"21":{"start":{"line":58,"column":8},"end":{"line":61,"column":11}},"22":{"start":{"line":66,"column":6},"end":{"line":66,"column":42}},"23":{"start":{"line":67,"column":6},"end":{"line":79,"column":7}},"24":{"start":{"line":68,"column":24},"end":{"line":68,"column":56}},"25":{"start":{"line":69,"column":8},"end":{"line":73,"column":11}},"26":{"start":{"line":75,"column":8},"end":{"line":78,"column":11}},"27":{"start":{"line":83,"column":6},"end":{"line":86,"column":9}},"28":{"start":{"line":90,"column":33},"end":{"line":90,"column":38}},"29":{"start":{"line":91,"column":6},"end":{"line":91,"column":34}},"30":{"start":{"line":91,"column":27},"end":{"line":91,"column":34}},"31":{"start":{"line":93,"column":23},"end":{"line":93,"column":55}},"32":{"start":{"line":94,"column":24},"end":{"line":94,"column":62}},"33":{"start":{"line":95,"column":6},"end":{"line":95,"column":44}},"34":{"start":{"line":99,"column":52},"end":{"line":99,"column":57}},"35":{"start":{"line":100,"column":6},"end":{"line":100,"column":34}},"36":{"start":{"line":100,"column":27},"end":{"line":100,"column":34}},"37":{"start":{"line":102,"column":23},"end":{"line":102,"column":55}},"38":{"start":{"line":103,"column":6},"end":{"line":105,"column":7}},"39":{"start":{"line":104,"column":8},"end":{"line":104,"column":58}},"40":{"start":{"line":109,"column":36},"end":{"line":109,"column":41}},"41":{"start":{"line":110,"column":6},"end":{"line":112,"column":7}},"42":{"start":{"line":111,"column":8},"end":{"line":111,"column":58}},"43":{"start":{"line":116,"column":6},"end":{"line":120,"column":9}},"44":{"start":{"line":125,"column":52},"end":{"line":125,"column":57}},"45":{"start":{"line":126,"column":6},"end":{"line":126,"column":65}},"46":{"start":{"line":126,"column":53},"end":{"line":126,"column":65}},"47":{"start":{"line":128,"column":6},"end":{"line":128,"column":62}},"48":{"start":{"line":132,"column":33},"end":{"line":132,"column":38}},"49":{"start":{"line":133,"column":6},"end":{"line":133,"column":66}},"50":{"start":{"line":133,"column":53},"end":{"line":133,"column":66}},"51":{"start":{"line":135,"column":20},"end":{"line":135,"column":53}},"52":{"start":{"line":136,"column":6},"end":{"line":136,"column":31}},"53":{"start":{"line":136,"column":18},"end":{"line":136,"column":31}},"54":{"start":{"line":138,"column":6},"end":{"line":138,"column":58}}},"fnMap":{"0":{"name":"(anonymous_0)","decl":{"start":{"line":15,"column":39},"end":{"line":15,"column":40}},"loc":{"start":{"line":15,"column":46},"end":{"line":21,"column":1}},"line":15},"1":{"name":"(anonymous_1)","decl":{"start":{"line":16,"column":18},"end":{"line":16,"column":19}},"loc":{"start":{"line":16,"column":24},"end":{"line":16,"column":44}},"line":16},"2":{"name":"(anonymous_2)","decl":{"start":{"line":17,"column":24},"end":{"line":17,"column":25}},"loc":{"start":{"line":17,"column":42},"end":{"line":17,"column":75}},"line":17},"3":{"name":"(anonymous_3)","decl":{"start":{"line":18,"column":20},"end":{"line":18,"column":21}},"loc":{"start":{"line":18,"column":38},"end":{"line":18,"column":64}},"line":18},"4":{"name":"(anonymous_4)","decl":{"start":{"line":19,"column":19},"end":{"line":19,"column":20}},"loc":{"start":{"line":20,"column":4},"end":{"line":20,"column":48}},"line":20},"5":{"name":"(anonymous_5)","decl":{"start":{"line":24,"column":31},"end":{"line":24,"column":32}},"loc":{"start":{"line":24,"column":37},"end":{"line":141,"column":1}},"line":24},"6":{"name":"(anonymous_6)","decl":{"start":{"line":29,"column":16},"end":{"line":29,"column":17}},"loc":{"start":{"line":29,"column":31},"end":{"line":140,"column":3}},"line":29},"7":{"name":"(anonymous_7)","decl":{"start":{"line":38,"column":22},"end":{"line":38,"column":23}},"loc":{"start":{"line":38,"column":34},"end":{"line":50,"column":5}},"line":38},"8":{"name":"(anonymous_8)","decl":{"start":{"line":52,"column":28},"end":{"line":52,"column":29}},"loc":{"start":{"line":52,"column":47},"end":{"line":63,"column":5}},"line":52},"9":{"name":"(anonymous_9)","decl":{"start":{"line":65,"column":24},"end":{"line":65,"column":25}},"loc":{"start":{"line":65,"column":40},"end":{"line":80,"column":5}},"line":65},"10":{"name":"(anonymous_10)","decl":{"start":{"line":82,"column":23},"end":{"line":82,"column":24}},"loc":{"start":{"line":82,"column":36},"end":{"line":87,"column":5}},"line":82},"11":{"name":"(anonymous_11)","decl":{"start":{"line":89,"column":26},"end":{"line":89,"column":27}},"loc":{"start":{"line":89,"column":37},"end":{"line":96,"column":5}},"line":89},"12":{"name":"(anonymous_12)","decl":{"start":{"line":98,"column":15},"end":{"line":98,"column":16}},"loc":{"start":{"line":98,"column":21},"end":{"line":106,"column":5}},"line":98},"13":{"name":"(anonymous_13)","decl":{"start":{"line":108,"column":19},"end":{"line":108,"column":20}},"loc":{"start":{"line":108,"column":25},"end":{"line":113,"column":5}},"line":108},"14":{"name":"(anonymous_14)","decl":{"start":{"line":115,"column":18},"end":{"line":115,"column":19}},"loc":{"start":{"line":115,"column":24},"end":{"line":121,"column":5}},"line":115},"15":{"name":"(anonymous_15)","decl":{"start":{"line":124,"column":21},"end":{"line":124,"column":22}},"loc":{"start":{"line":124,"column":27},"end":{"line":129,"column":5}},"line":124},"16":{"name":"(anonymous_16)","decl":{"start":{"line":131,"column":21},"end":{"line":131,"column":22}},"loc":{"start":{"line":131,"column":55},"end":{"line":139,"column":5}},"line":131}},"branchMap":{"0":{"loc":{"start":{"line":46,"column":17},"end":{"line":46,"column":105}},"type":"cond-expr","locations":[{"start":{"line":46,"column":42},"end":{"line":46,"column":85}},{"start":{"line":46,"column":88},"end":{"line":46,"column":105}}],"line":46},"1":{"loc":{"start":{"line":59,"column":17},"end":{"line":59,"column":116}},"type":"cond-expr","locations":[{"start":{"line":59,"column":42},"end":{"line":59,"column":96}},{"start":{"line":59,"column":99},"end":{"line":59,"column":116}}],"line":59},"2":{"loc":{"start":{"line":76,"column":17},"end":{"line":76,"column":104}},"type":"cond-expr","locations":[{"start":{"line":76,"column":42},"end":{"line":76,"column":84}},{"start":{"line":76,"column":87},"end":{"line":76,"column":104}}],"line":76},"3":{"loc":{"start":{"line":91,"column":6},"end":{"line":91,"column":34}},"type":"if","locations":[{"start":{"line":91,"column":6},"end":{"line":91,"column":34}},{"start":{},"end":{}}],"line":91},"4":{"loc":{"start":{"line":100,"column":6},"end":{"line":100,"column":34}},"type":"if","locations":[{"start":{"line":100,"column":6},"end":{"line":100,"column":34}},{"start":{},"end":{}}],"line":100},"5":{"loc":{"start":{"line":103,"column":6},"end":{"line":105,"column":7}},"type":"if","locations":[{"start":{"line":103,"column":6},"end":{"line":105,"column":7}},{"start":{},"end":{}}],"line":103},"6":{"loc":{"start":{"line":110,"column":6},"end":{"line":112,"column":7}},"type":"if","locations":[{"start":{"line":110,"column":6},"end":{"line":112,"column":7}},{"start":{},"end":{}}],"line":110},"7":{"loc":{"start":{"line":126,"column":6},"end":{"line":126,"column":65}},"type":"if","locations":[{"start":{"line":126,"column":6},"end":{"line":126,"column":65}},{"start":{},"end":{}}],"line":126},"8":{"loc":{"start":{"line":126,"column":10},"end":{"line":126,"column":51}},"type":"binary-expr","locations":[{"start":{"line":126,"column":10},"end":{"line":126,"column":25}},{"start":{"line":126,"column":29},"end":{"line":126,"column":51}}],"line":126},"9":{"loc":{"start":{"line":128,"column":13},"end":{"line":128,"column":61}},"type":"binary-expr","locations":[{"start":{"line":128,"column":13},"end":{"line":128,"column":53}},{"start":{"line":128,"column":57},"end":{"line":128,"column":61}}],"line":128},"10":{"loc":{"start":{"line":133,"column":6},"end":{"line":133,"column":66}},"type":"if","locations":[{"start":{"line":133,"column":6},"end":{"line":133,"column":66}},{"start":{},"end":{}}],"line":133},"11":{"loc":{"start":{"line":133,"column":10},"end":{"line":133,"column":51}},"type":"binary-expr","locations":[{"start":{"line":133,"column":10},"end":{"line":133,"column":25}},{"start":{"line":133,"column":29},"end":{"line":133,"column":51}}],"line":133},"12":{"loc":{"start":{"line":136,"column":6},"end":{"line":136,"column":31}},"type":"if","locations":[{"start":{"line":136,"column":6},"end":{"line":136,"column":31}},{"start":{},"end":{}}],"line":136}},"s":{"0":0,"1":0,"2":0,"3":0,"4":0,"5":0,"6":0,"7":0,"8":0,"9":0,"10":0,"11":0,"12":0,"13":0,"14":0,"15":0,"16":0,"17":0,"18":0,"19":0,"20":0,"21":0,"22":0,"23":0,"24":0,"25":0,"26":0,"27":0,"28":0,"29":0,"30":0,"31":0,"32":0,"33":0,"34":0,"35":0,"36":0,"37":0,"38":0,"39":0,"40":0,"41":0,"42":0,"43":0,"44":0,"45":0,"46":0,"47":0,"48":0,"49":0,"50":0,"51":0,"52":0,"53":0,"54":0},"f":{"0":0,"1":0,"2":0,"3":0,"4":0,"5":0,"6":0,"7":0,"8":0,"9":0,"10":0,"11":0,"12":0,"13":0,"14":0,"15":0,"16":0},"b":{"0":[0,0],"1":[0,0],"2":[0,0],"3":[0,0],"4":[0,0],"5":[0,0],"6":[0,0],"7":[0,0],"8":[0,0],"9":[0,0],"10":[0,0],"11":[0,0],"12":[0,0]}}
,"/home/alaeddine/Documents/Moneyfactory/pages_web_parcours/mfai-user-journeys/stores/index.ts": {"path":"/home/alaeddine/Documents/Moneyfactory/pages_web_parcours/mfai-user-journeys/stores/index.ts","statementMap":{},"fnMap":{},"branchMap":{},"s":{},"f":{},"b":{}}
,"/home/alaeddine/Documents/Moneyfactory/pages_web_parcours/mfai-user-journeys/stores/journeyStore.ts": {"path":"/home/alaeddine/Documents/Moneyfactory/pages_web_parcours/mfai-user-journeys/stores/journeyStore.ts","statementMap":{"0":{"start":{"line":40,"column":31},"end":{"line":256,"column":2}},"1":{"start":{"line":41,"column":17},"end":{"line":246,"column":3}},"2":{"start":{"line":51,"column":4},"end":{"line":51,"column":40}},"3":{"start":{"line":52,"column":4},"end":{"line":91,"column":5}},"4":{"start":{"line":53,"column":23},"end":{"line":53,"column":45}},"5":{"start":{"line":55,"column":6},"end":{"line":62,"column":7}},"6":{"start":{"line":56,"column":8},"end":{"line":60,"column":11}},"7":{"start":{"line":61,"column":8},"end":{"line":61,"column":15}},"8":{"start":{"line":64,"column":6},"end":{"line":64,"column":53}},"9":{"start":{"line":66,"column":6},"end":{"line":66,"column":70}},"10":{"start":{"line":69,"column":25},"end":{"line":69,"column":83}},"11":{"start":{"line":71,"column":6},"end":{"line":85,"column":7}},"12":{"start":{"line":72,"column":8},"end":{"line":84,"column":9}},"13":{"start":{"line":73,"column":10},"end":{"line":73,"column":103}},"14":{"start":{"line":74,"column":15},"end":{"line":84,"column":9}},"15":{"start":{"line":75,"column":10},"end":{"line":75,"column":89}},"16":{"start":{"line":76,"column":15},"end":{"line":84,"column":9}},"17":{"start":{"line":77,"column":10},"end":{"line":77,"column":86}},"18":{"start":{"line":78,"column":15},"end":{"line":84,"column":9}},"19":{"start":{"line":79,"column":10},"end":{"line":79,"column":74}},"20":{"start":{"line":80,"column":15},"end":{"line":84,"column":9}},"21":{"start":{"line":81,"column":10},"end":{"line":81,"column":73}},"22":{"start":{"line":83,"column":10},"end":{"line":83,"column":52}},"23":{"start":{"line":87,"column":6},"end":{"line":90,"column":9}},"24":{"start":{"line":95,"column":4},"end":{"line":95,"column":40}},"25":{"start":{"line":96,"column":4},"end":{"line":140,"column":5}},"26":{"start":{"line":97,"column":23},"end":{"line":97,"column":58}},"27":{"start":{"line":99,"column":6},"end":{"line":106,"column":7}},"28":{"start":{"line":100,"column":8},"end":{"line":104,"column":11}},"29":{"start":{"line":105,"column":8},"end":{"line":105,"column":15}},"30":{"start":{"line":108,"column":6},"end":{"line":108,"column":53}},"31":{"start":{"line":111,"column":6},"end":{"line":113,"column":7}},"32":{"start":{"line":112,"column":8},"end":{"line":112,"column":45}},"33":{"start":{"line":115,"column":6},"end":{"line":115,"column":86}},"34":{"start":{"line":118,"column":25},"end":{"line":118,"column":101}},"35":{"start":{"line":120,"column":6},"end":{"line":134,"column":7}},"36":{"start":{"line":121,"column":8},"end":{"line":133,"column":9}},"37":{"start":{"line":122,"column":10},"end":{"line":122,"column":103}},"38":{"start":{"line":123,"column":15},"end":{"line":133,"column":9}},"39":{"start":{"line":124,"column":10},"end":{"line":124,"column":89}},"40":{"start":{"line":125,"column":15},"end":{"line":133,"column":9}},"41":{"start":{"line":126,"column":10},"end":{"line":126,"column":82}},"42":{"start":{"line":127,"column":15},"end":{"line":133,"column":9}},"43":{"start":{"line":128,"column":10},"end":{"line":128,"column":74}},"44":{"start":{"line":129,"column":15},"end":{"line":133,"column":9}},"45":{"start":{"line":130,"column":10},"end":{"line":130,"column":73}},"46":{"start":{"line":132,"column":10},"end":{"line":132,"column":52}},"47":{"start":{"line":136,"column":6},"end":{"line":139,"column":9}},"48":{"start":{"line":144,"column":4},"end":{"line":144,"column":40}},"49":{"start":{"line":145,"column":4},"end":{"line":187,"column":5}},"50":{"start":{"line":146,"column":22},"end":{"line":146,"column":50}},"51":{"start":{"line":148,"column":6},"end":{"line":160,"column":7}},"52":{"start":{"line":149,"column":8},"end":{"line":154,"column":11}},"53":{"start":{"line":156,"column":8},"end":{"line":159,"column":11}},"54":{"start":{"line":162,"column":6},"end":{"line":162,"column":77}},"55":{"start":{"line":165,"column":25},"end":{"line":165,"column":92}},"56":{"start":{"line":167,"column":6},"end":{"line":181,"column":7}},"57":{"start":{"line":168,"column":8},"end":{"line":180,"column":9}},"58":{"start":{"line":169,"column":10},"end":{"line":169,"column":103}},"59":{"start":{"line":170,"column":15},"end":{"line":180,"column":9}},"60":{"start":{"line":171,"column":10},"end":{"line":171,"column":89}},"61":{"start":{"line":172,"column":15},"end":{"line":180,"column":9}},"62":{"start":{"line":173,"column":10},"end":{"line":173,"column":81}},"63":{"start":{"line":174,"column":15},"end":{"line":180,"column":9}},"64":{"start":{"line":175,"column":10},"end":{"line":175,"column":74}},"65":{"start":{"line":176,"column":15},"end":{"line":180,"column":9}},"66":{"start":{"line":177,"column":10},"end":{"line":177,"column":73}},"67":{"start":{"line":179,"column":10},"end":{"line":179,"column":52}},"68":{"start":{"line":183,"column":6},"end":{"line":186,"column":9}},"69":{"start":{"line":191,"column":4},"end":{"line":194,"column":7}},"70":{"start":{"line":198,"column":31},"end":{"line":198,"column":36}},"71":{"start":{"line":199,"column":4},"end":{"line":199,"column":32}},"72":{"start":{"line":199,"column":25},"end":{"line":199,"column":32}},"73":{"start":{"line":202,"column":21},"end":{"line":202,"column":53}},"74":{"start":{"line":203,"column":22},"end":{"line":203,"column":60}},"75":{"start":{"line":205,"column":4},"end":{"line":205,"column":42}},"76":{"start":{"line":209,"column":50},"end":{"line":209,"column":55}},"77":{"start":{"line":210,"column":4},"end":{"line":210,"column":32}},"78":{"start":{"line":210,"column":25},"end":{"line":210,"column":32}},"79":{"start":{"line":212,"column":21},"end":{"line":212,"column":53}},"80":{"start":{"line":213,"column":4},"end":{"line":215,"column":5}},"81":{"start":{"line":214,"column":6},"end":{"line":214,"column":56}},"82":{"start":{"line":219,"column":34},"end":{"line":219,"column":39}},"83":{"start":{"line":220,"column":4},"end":{"line":222,"column":5}},"84":{"start":{"line":221,"column":6},"end":{"line":221,"column":56}},"85":{"start":{"line":226,"column":4},"end":{"line":226,"column":34}},"86":{"start":{"line":231,"column":50},"end":{"line":231,"column":55}},"87":{"start":{"line":232,"column":4},"end":{"line":232,"column":63}},"88":{"start":{"line":232,"column":51},"end":{"line":232,"column":63}},"89":{"start":{"line":234,"column":4},"end":{"line":234,"column":60}},"90":{"start":{"line":238,"column":31},"end":{"line":238,"column":36}},"91":{"start":{"line":239,"column":4},"end":{"line":239,"column":64}},"92":{"start":{"line":239,"column":51},"end":{"line":239,"column":64}},"93":{"start":{"line":241,"column":18},"end":{"line":241,"column":51}},"94":{"start":{"line":242,"column":4},"end":{"line":242,"column":29}},"95":{"start":{"line":242,"column":16},"end":{"line":242,"column":29}},"96":{"start":{"line":244,"column":4},"end":{"line":244,"column":52}},"97":{"start":{"line":249,"column":37},"end":{"line":249,"column":49}},"98":{"start":{"line":250,"column":28},"end":{"line":254,"column":5}},"99":{"start":{"line":263,"column":31},"end":{"line":265,"column":1}},"100":{"start":{"line":264,"column":2},"end":{"line":264,"column":59}},"101":{"start":{"line":264,"column":34},"end":{"line":264,"column":57}},"102":{"start":{"line":268,"column":32},"end":{"line":270,"column":1}},"103":{"start":{"line":269,"column":2},"end":{"line":269,"column":70}},"104":{"start":{"line":269,"column":34},"end":{"line":269,"column":68}},"105":{"start":{"line":273,"column":34},"end":{"line":275,"column":1}},"106":{"start":{"line":274,"column":2},"end":{"line":274,"column":87}},"107":{"start":{"line":274,"column":34},"end":{"line":274,"column":85}},"108":{"start":{"line":278,"column":34},"end":{"line":284,"column":1}},"109":{"start":{"line":279,"column":28},"end":{"line":279,"column":77}},"110":{"start":{"line":279,"column":53},"end":{"line":279,"column":76}},"111":{"start":{"line":280,"column":17},"end":{"line":280,"column":77}},"112":{"start":{"line":280,"column":42},"end":{"line":280,"column":76}},"113":{"start":{"line":282,"column":2},"end":{"line":282,"column":35}},"114":{"start":{"line":282,"column":26},"end":{"line":282,"column":35}},"115":{"start":{"line":283,"column":2},"end":{"line":283,"column":57}}},"fnMap":{"0":{"name":"(anonymous_0)","decl":{"start":{"line":41,"column":2},"end":{"line":41,"column":3}},"loc":{"start":{"line":41,"column":17},"end":{"line":246,"column":3}},"line":41},"1":{"name":"(anonymous_1)","decl":{"start":{"line":50,"column":20},"end":{"line":50,"column":21}},"loc":{"start":{"line":50,"column":32},"end":{"line":92,"column":3}},"line":50},"2":{"name":"(anonymous_2)","decl":{"start":{"line":94,"column":26},"end":{"line":94,"column":27}},"loc":{"start":{"line":94,"column":45},"end":{"line":141,"column":3}},"line":94},"3":{"name":"(anonymous_3)","decl":{"start":{"line":143,"column":22},"end":{"line":143,"column":23}},"loc":{"start":{"line":143,"column":38},"end":{"line":188,"column":3}},"line":143},"4":{"name":"(anonymous_4)","decl":{"start":{"line":190,"column":21},"end":{"line":190,"column":22}},"loc":{"start":{"line":190,"column":34},"end":{"line":195,"column":3}},"line":190},"5":{"name":"(anonymous_5)","decl":{"start":{"line":197,"column":24},"end":{"line":197,"column":25}},"loc":{"start":{"line":197,"column":35},"end":{"line":206,"column":3}},"line":197},"6":{"name":"(anonymous_6)","decl":{"start":{"line":208,"column":13},"end":{"line":208,"column":14}},"loc":{"start":{"line":208,"column":19},"end":{"line":216,"column":3}},"line":208},"7":{"name":"(anonymous_7)","decl":{"start":{"line":218,"column":17},"end":{"line":218,"column":18}},"loc":{"start":{"line":218,"column":23},"end":{"line":223,"column":3}},"line":218},"8":{"name":"(anonymous_8)","decl":{"start":{"line":225,"column":16},"end":{"line":225,"column":17}},"loc":{"start":{"line":225,"column":22},"end":{"line":227,"column":3}},"line":225},"9":{"name":"(anonymous_9)","decl":{"start":{"line":230,"column":19},"end":{"line":230,"column":20}},"loc":{"start":{"line":230,"column":25},"end":{"line":235,"column":3}},"line":230},"10":{"name":"(anonymous_10)","decl":{"start":{"line":237,"column":19},"end":{"line":237,"column":20}},"loc":{"start":{"line":237,"column":53},"end":{"line":245,"column":3}},"line":237},"11":{"name":"(anonymous_11)","decl":{"start":{"line":249,"column":31},"end":{"line":249,"column":32}},"loc":{"start":{"line":249,"column":37},"end":{"line":249,"column":49}},"line":249},"12":{"name":"(anonymous_12)","decl":{"start":{"line":250,"column":16},"end":{"line":250,"column":17}},"loc":{"start":{"line":250,"column":28},"end":{"line":254,"column":5}},"line":250},"13":{"name":"(anonymous_13)","decl":{"start":{"line":263,"column":31},"end":{"line":263,"column":32}},"loc":{"start":{"line":263,"column":37},"end":{"line":265,"column":1}},"line":263},"14":{"name":"(anonymous_14)","decl":{"start":{"line":264,"column":25},"end":{"line":264,"column":26}},"loc":{"start":{"line":264,"column":34},"end":{"line":264,"column":57}},"line":264},"15":{"name":"(anonymous_15)","decl":{"start":{"line":268,"column":32},"end":{"line":268,"column":33}},"loc":{"start":{"line":268,"column":38},"end":{"line":270,"column":1}},"line":268},"16":{"name":"(anonymous_16)","decl":{"start":{"line":269,"column":25},"end":{"line":269,"column":26}},"loc":{"start":{"line":269,"column":34},"end":{"line":269,"column":68}},"line":269},"17":{"name":"(anonymous_17)","decl":{"start":{"line":273,"column":34},"end":{"line":273,"column":35}},"loc":{"start":{"line":273,"column":94},"end":{"line":275,"column":1}},"line":273},"18":{"name":"(anonymous_18)","decl":{"start":{"line":274,"column":25},"end":{"line":274,"column":26}},"loc":{"start":{"line":274,"column":34},"end":{"line":274,"column":85}},"line":274},"19":{"name":"(anonymous_19)","decl":{"start":{"line":278,"column":34},"end":{"line":278,"column":35}},"loc":{"start":{"line":278,"column":40},"end":{"line":284,"column":1}},"line":278},"20":{"name":"(anonymous_20)","decl":{"start":{"line":279,"column":44},"end":{"line":279,"column":45}},"loc":{"start":{"line":279,"column":53},"end":{"line":279,"column":76}},"line":279},"21":{"name":"(anonymous_21)","decl":{"start":{"line":280,"column":33},"end":{"line":280,"column":34}},"loc":{"start":{"line":280,"column":42},"end":{"line":280,"column":76}},"line":280}},"branchMap":{"0":{"loc":{"start":{"line":55,"column":6},"end":{"line":62,"column":7}},"type":"if","locations":[{"start":{"line":55,"column":6},"end":{"line":62,"column":7}},{"start":{},"end":{}}],"line":55},"1":{"loc":{"start":{"line":55,"column":10},"end":{"line":55,"column":44}},"type":"binary-expr","locations":[{"start":{"line":55,"column":10},"end":{"line":55,"column":19}},{"start":{"line":55,"column":23},"end":{"line":55,"column":44}}],"line":55},"2":{"loc":{"start":{"line":71,"column":6},"end":{"line":85,"column":7}},"type":"if","locations":[{"start":{"line":71,"column":6},"end":{"line":85,"column":7}},{"start":{},"end":{}}],"line":71},"3":{"loc":{"start":{"line":72,"column":8},"end":{"line":84,"column":9}},"type":"if","locations":[{"start":{"line":72,"column":8},"end":{"line":84,"column":9}},{"start":{"line":74,"column":15},"end":{"line":84,"column":9}}],"line":72},"4":{"loc":{"start":{"line":72,"column":12},"end":{"line":72,"column":82}},"type":"binary-expr","locations":[{"start":{"line":72,"column":12},"end":{"line":72,"column":45}},{"start":{"line":72,"column":49},"end":{"line":72,"column":82}}],"line":72},"5":{"loc":{"start":{"line":74,"column":15},"end":{"line":84,"column":9}},"type":"if","locations":[{"start":{"line":74,"column":15},"end":{"line":84,"column":9}},{"start":{"line":76,"column":15},"end":{"line":84,"column":9}}],"line":74},"6":{"loc":{"start":{"line":74,"column":19},"end":{"line":74,"column":89}},"type":"binary-expr","locations":[{"start":{"line":74,"column":19},"end":{"line":74,"column":52}},{"start":{"line":74,"column":56},"end":{"line":74,"column":89}}],"line":74},"7":{"loc":{"start":{"line":76,"column":15},"end":{"line":84,"column":9}},"type":"if","locations":[{"start":{"line":76,"column":15},"end":{"line":84,"column":9}},{"start":{"line":78,"column":15},"end":{"line":84,"column":9}}],"line":76},"8":{"loc":{"start":{"line":78,"column":15},"end":{"line":84,"column":9}},"type":"if","locations":[{"start":{"line":78,"column":15},"end":{"line":84,"column":9}},{"start":{"line":80,"column":15},"end":{"line":84,"column":9}}],"line":78},"9":{"loc":{"start":{"line":78,"column":19},"end":{"line":78,"column":81}},"type":"binary-expr","locations":[{"start":{"line":78,"column":19},"end":{"line":78,"column":48}},{"start":{"line":78,"column":52},"end":{"line":78,"column":81}}],"line":78},"10":{"loc":{"start":{"line":80,"column":15},"end":{"line":84,"column":9}},"type":"if","locations":[{"start":{"line":80,"column":15},"end":{"line":84,"column":9}},{"start":{"line":82,"column":15},"end":{"line":84,"column":9}}],"line":80},"11":{"loc":{"start":{"line":99,"column":6},"end":{"line":106,"column":7}},"type":"if","locations":[{"start":{"line":99,"column":6},"end":{"line":106,"column":7}},{"start":{},"end":{}}],"line":99},"12":{"loc":{"start":{"line":99,"column":10},"end":{"line":99,"column":44}},"type":"binary-expr","locations":[{"start":{"line":99,"column":10},"end":{"line":99,"column":19}},{"start":{"line":99,"column":23},"end":{"line":99,"column":44}}],"line":99},"13":{"loc":{"start":{"line":111,"column":6},"end":{"line":113,"column":7}},"type":"if","locations":[{"start":{"line":111,"column":6},"end":{"line":113,"column":7}},{"start":{},"end":{}}],"line":111},"14":{"loc":{"start":{"line":120,"column":6},"end":{"line":134,"column":7}},"type":"if","locations":[{"start":{"line":120,"column":6},"end":{"line":134,"column":7}},{"start":{},"end":{}}],"line":120},"15":{"loc":{"start":{"line":121,"column":8},"end":{"line":133,"column":9}},"type":"if","locations":[{"start":{"line":121,"column":8},"end":{"line":133,"column":9}},{"start":{"line":123,"column":15},"end":{"line":133,"column":9}}],"line":121},"16":{"loc":{"start":{"line":121,"column":12},"end":{"line":121,"column":82}},"type":"binary-expr","locations":[{"start":{"line":121,"column":12},"end":{"line":121,"column":45}},{"start":{"line":121,"column":49},"end":{"line":121,"column":82}}],"line":121},"17":{"loc":{"start":{"line":123,"column":15},"end":{"line":133,"column":9}},"type":"if","locations":[{"start":{"line":123,"column":15},"end":{"line":133,"column":9}},{"start":{"line":125,"column":15},"end":{"line":133,"column":9}}],"line":123},"18":{"loc":{"start":{"line":123,"column":19},"end":{"line":123,"column":89}},"type":"binary-expr","locations":[{"start":{"line":123,"column":19},"end":{"line":123,"column":52}},{"start":{"line":123,"column":56},"end":{"line":123,"column":89}}],"line":123},"19":{"loc":{"start":{"line":125,"column":15},"end":{"line":133,"column":9}},"type":"if","locations":[{"start":{"line":125,"column":15},"end":{"line":133,"column":9}},{"start":{"line":127,"column":15},"end":{"line":133,"column":9}}],"line":125},"20":{"loc":{"start":{"line":127,"column":15},"end":{"line":133,"column":9}},"type":"if","locations":[{"start":{"line":127,"column":15},"end":{"line":133,"column":9}},{"start":{"line":129,"column":15},"end":{"line":133,"column":9}}],"line":127},"21":{"loc":{"start":{"line":127,"column":19},"end":{"line":127,"column":81}},"type":"binary-expr","locations":[{"start":{"line":127,"column":19},"end":{"line":127,"column":48}},{"start":{"line":127,"column":52},"end":{"line":127,"column":81}}],"line":127},"22":{"loc":{"start":{"line":129,"column":15},"end":{"line":133,"column":9}},"type":"if","locations":[{"start":{"line":129,"column":15},"end":{"line":133,"column":9}},{"start":{"line":131,"column":15},"end":{"line":133,"column":9}}],"line":129},"23":{"loc":{"start":{"line":148,"column":6},"end":{"line":160,"column":7}},"type":"if","locations":[{"start":{"line":148,"column":6},"end":{"line":160,"column":7}},{"start":{"line":155,"column":13},"end":{"line":160,"column":7}}],"line":148},"24":{"loc":{"start":{"line":167,"column":6},"end":{"line":181,"column":7}},"type":"if","locations":[{"start":{"line":167,"column":6},"end":{"line":181,"column":7}},{"start":{},"end":{}}],"line":167},"25":{"loc":{"start":{"line":168,"column":8},"end":{"line":180,"column":9}},"type":"if","locations":[{"start":{"line":168,"column":8},"end":{"line":180,"column":9}},{"start":{"line":170,"column":15},"end":{"line":180,"column":9}}],"line":168},"26":{"loc":{"start":{"line":168,"column":12},"end":{"line":168,"column":82}},"type":"binary-expr","locations":[{"start":{"line":168,"column":12},"end":{"line":168,"column":45}},{"start":{"line":168,"column":49},"end":{"line":168,"column":82}}],"line":168},"27":{"loc":{"start":{"line":170,"column":15},"end":{"line":180,"column":9}},"type":"if","locations":[{"start":{"line":170,"column":15},"end":{"line":180,"column":9}},{"start":{"line":172,"column":15},"end":{"line":180,"column":9}}],"line":170},"28":{"loc":{"start":{"line":170,"column":19},"end":{"line":170,"column":89}},"type":"binary-expr","locations":[{"start":{"line":170,"column":19},"end":{"line":170,"column":52}},{"start":{"line":170,"column":56},"end":{"line":170,"column":89}}],"line":170},"29":{"loc":{"start":{"line":172,"column":15},"end":{"line":180,"column":9}},"type":"if","locations":[{"start":{"line":172,"column":15},"end":{"line":180,"column":9}},{"start":{"line":174,"column":15},"end":{"line":180,"column":9}}],"line":172},"30":{"loc":{"start":{"line":174,"column":15},"end":{"line":180,"column":9}},"type":"if","locations":[{"start":{"line":174,"column":15},"end":{"line":180,"column":9}},{"start":{"line":176,"column":15},"end":{"line":180,"column":9}}],"line":174},"31":{"loc":{"start":{"line":174,"column":19},"end":{"line":174,"column":81}},"type":"binary-expr","locations":[{"start":{"line":174,"column":19},"end":{"line":174,"column":48}},{"start":{"line":174,"column":52},"end":{"line":174,"column":81}}],"line":174},"32":{"loc":{"start":{"line":176,"column":15},"end":{"line":180,"column":9}},"type":"if","locations":[{"start":{"line":176,"column":15},"end":{"line":180,"column":9}},{"start":{"line":178,"column":15},"end":{"line":180,"column":9}}],"line":176},"33":{"loc":{"start":{"line":199,"column":4},"end":{"line":199,"column":32}},"type":"if","locations":[{"start":{"line":199,"column":4},"end":{"line":199,"column":32}},{"start":{},"end":{}}],"line":199},"34":{"loc":{"start":{"line":210,"column":4},"end":{"line":210,"column":32}},"type":"if","locations":[{"start":{"line":210,"column":4},"end":{"line":210,"column":32}},{"start":{},"end":{}}],"line":210},"35":{"loc":{"start":{"line":213,"column":4},"end":{"line":215,"column":5}},"type":"if","locations":[{"start":{"line":213,"column":4},"end":{"line":215,"column":5}},{"start":{},"end":{}}],"line":213},"36":{"loc":{"start":{"line":220,"column":4},"end":{"line":222,"column":5}},"type":"if","locations":[{"start":{"line":220,"column":4},"end":{"line":222,"column":5}},{"start":{},"end":{}}],"line":220},"37":{"loc":{"start":{"line":232,"column":4},"end":{"line":232,"column":63}},"type":"if","locations":[{"start":{"line":232,"column":4},"end":{"line":232,"column":63}},{"start":{},"end":{}}],"line":232},"38":{"loc":{"start":{"line":232,"column":8},"end":{"line":232,"column":49}},"type":"binary-expr","locations":[{"start":{"line":232,"column":8},"end":{"line":232,"column":23}},{"start":{"line":232,"column":27},"end":{"line":232,"column":49}}],"line":232},"39":{"loc":{"start":{"line":234,"column":11},"end":{"line":234,"column":59}},"type":"binary-expr","locations":[{"start":{"line":234,"column":11},"end":{"line":234,"column":51}},{"start":{"line":234,"column":55},"end":{"line":234,"column":59}}],"line":234},"40":{"loc":{"start":{"line":239,"column":4},"end":{"line":239,"column":64}},"type":"if","locations":[{"start":{"line":239,"column":4},"end":{"line":239,"column":64}},{"start":{},"end":{}}],"line":239},"41":{"loc":{"start":{"line":239,"column":8},"end":{"line":239,"column":49}},"type":"binary-expr","locations":[{"start":{"line":239,"column":8},"end":{"line":239,"column":23}},{"start":{"line":239,"column":27},"end":{"line":239,"column":49}}],"line":239},"42":{"loc":{"start":{"line":242,"column":4},"end":{"line":242,"column":29}},"type":"if","locations":[{"start":{"line":242,"column":4},"end":{"line":242,"column":29}},{"start":{},"end":{}}],"line":242},"43":{"loc":{"start":{"line":269,"column":34},"end":{"line":269,"column":68}},"type":"binary-expr","locations":[{"start":{"line":269,"column":34},"end":{"line":269,"column":62}},{"start":{"line":269,"column":66},"end":{"line":269,"column":68}}],"line":269},"44":{"loc":{"start":{"line":280,"column":42},"end":{"line":280,"column":76}},"type":"binary-expr","locations":[{"start":{"line":280,"column":42},"end":{"line":280,"column":70}},{"start":{"line":280,"column":74},"end":{"line":280,"column":76}}],"line":280},"45":{"loc":{"start":{"line":282,"column":2},"end":{"line":282,"column":35}},"type":"if","locations":[{"start":{"line":282,"column":2},"end":{"line":282,"column":35}},{"start":{},"end":{}}],"line":282}},"s":{"0":2,"1":2,"2":0,"3":0,"4":0,"5":0,"6":0,"7":0,"8":0,"9":0,"10":0,"11":0,"12":0,"13":0,"14":0,"15":0,"16":0,"17":0,"18":0,"19":0,"20":0,"21":0,"22":0,"23":0,"24":0,"25":0,"26":0,"27":0,"28":0,"29":0,"30":0,"31":0,"32":0,"33":0,"34":0,"35":0,"36":0,"37":0,"38":0,"39":0,"40":0,"41":0,"42":0,"43":0,"44":0,"45":0,"46":0,"47":0,"48":3,"49":3,"50":3,"51":2,"52":1,"53":1,"54":1,"55":1,"56":1,"57":1,"58":1,"59":0,"60":0,"61":0,"62":0,"63":0,"64":0,"65":0,"66":0,"67":0,"68":1,"69":3,"70":0,"71":0,"72":0,"73":0,"74":0,"75":0,"76":0,"77":0,"78":0,"79":0,"80":0,"81":0,"82":0,"83":0,"84":0,"85":0,"86":4,"87":4,"88":2,"89":2,"90":4,"91":4,"92":0,"93":4,"94":4,"95":1,"96":3,"97":2,"98":44,"99":2,"100":2,"101":2,"102":2,"103":2,"104":2,"105":2,"106":2,"107":2,"108":2,"109":3,"110":3,"111":3,"112":3,"113":3,"114":1,"115":2},"f":{"0":2,"1":0,"2":0,"3":3,"4":3,"5":0,"6":0,"7":0,"8":0,"9":4,"10":4,"11":2,"12":44,"13":2,"14":2,"15":2,"16":2,"17":2,"18":2,"19":3,"20":3,"21":3},"b":{"0":[0,0],"1":[0,0],"2":[0,0],"3":[0,0],"4":[0,0],"5":[0,0],"6":[0,0],"7":[0,0],"8":[0,0],"9":[0,0],"10":[0,0],"11":[0,0],"12":[0,0],"13":[0,0],"14":[0,0],"15":[0,0],"16":[0,0],"17":[0,0],"18":[0,0],"19":[0,0],"20":[0,0],"21":[0,0],"22":[0,0],"23":[1,1],"24":[1,0],"25":[1,0],"26":[1,1],"27":[0,0],"28":[0,0],"29":[0,0],"30":[0,0],"31":[0,0],"32":[0,0],"33":[0,0],"34":[0,0],"35":[0,0],"36":[0,0],"37":[2,2],"38":[4,2],"39":[2,0],"40":[0,4],"41":[4,4],"42":[1,3],"43":[2,1],"44":[3,1],"45":[1,2]},"_coverageSchema":"1a1c01bbd47fc00a2c39e90264f33305004495a9","hash":"f62fc7f4992f000bf7b67e5ae8eb6489169eb7ef"}
}
