TN:
SF:services/index.ts
FNF:0
FNH:0
LF:0
LH:0
BRF:0
BRH:0
end_of_record
TN:
SF:services/journeyService.ts
FN:28,convertJourneyToJourneyContent
FN:42,(anonymous_1)
FN:63,getAllJourneys
FN:95,getJourneysByPersona
FN:105,(anonymous_4)
FN:123,getJourneyBySlug
FN:127,(anonymous_6)
FN:143,(anonymous_7)
FN:149,getAllJourneysMetadata
FN:151,(anonymous_9)
FN:170,isPhaseUnlocked
FNF:11
FNH:0
FNDA:0,convertJourneyToJourneyContent
FNDA:0,(anonymous_1)
FNDA:0,getAllJourneys
FNDA:0,getJourneysByPersona
FNDA:0,(anonymous_4)
FNDA:0,getJourneyBySlug
FNDA:0,(anonymous_6)
FNDA:0,(anonymous_7)
FNDA:0,getAllJourneysMetadata
FNDA:0,(anonymous_9)
FNDA:0,isPhaseUnlocked
DA:23,2
DA:29,0
DA:42,0
DA:65,0
DA:66,0
DA:69,0
DA:71,0
DA:74,0
DA:75,0
DA:78,0
DA:82,0
DA:97,0
DA:98,0
DA:99,0
DA:102,0
DA:105,0
DA:107,0
DA:108,0
DA:110,0
DA:125,0
DA:126,0
DA:127,0
DA:130,0
DA:132,0
DA:134,0
DA:135,0
DA:138,0
DA:142,0
DA:143,0
DA:150,0
DA:151,0
DA:172,0
DA:173,0
DA:178,0
DA:179,0
DA:183,0
DA:184,0
DA:188,0
DA:189,0
DA:194,0
DA:195,0
DA:196,0
DA:198,0
DA:199,0
DA:203,0
LF:45
LH:1
BRDA:65,0,0,0
BRDA:65,0,1,0
BRDA:74,1,0,0
BRDA:74,1,1,0
BRDA:74,2,0,0
BRDA:74,2,1,0
BRDA:97,3,0,0
BRDA:97,3,1,0
BRDA:97,4,0,0
BRDA:97,4,1,0
BRDA:108,5,0,0
BRDA:108,5,1,0
BRDA:125,6,0,0
BRDA:125,6,1,0
BRDA:127,7,0,0
BRDA:127,7,1,0
BRDA:134,8,0,0
BRDA:134,8,1,0
BRDA:143,9,0,0
BRDA:143,9,1,0
BRDA:172,10,0,0
BRDA:172,10,1,0
BRDA:172,11,0,0
BRDA:172,11,1,0
BRDA:178,12,0,0
BRDA:178,12,1,0
BRDA:178,13,0,0
BRDA:178,13,1,0
BRDA:178,13,2,0
BRDA:183,14,0,0
BRDA:183,14,1,0
BRDA:188,15,0,0
BRDA:188,15,1,0
BRDA:188,16,0,0
BRDA:188,16,1,0
BRDA:194,17,0,0
BRDA:194,17,1,0
BRDA:195,18,0,0
BRDA:195,18,1,0
BRDA:198,19,0,0
BRDA:198,19,1,0
BRF:41
BRH:0
end_of_record
TN:
SF:stores/createTestStore.ts
FN:15,(anonymous_0)
FN:16,(anonymous_1)
FN:17,(anonymous_2)
FN:18,(anonymous_3)
FN:19,(anonymous_4)
FN:24,(anonymous_5)
FN:29,(anonymous_6)
FN:38,(anonymous_7)
FN:52,(anonymous_8)
FN:65,(anonymous_9)
FN:82,(anonymous_10)
FN:89,(anonymous_11)
FN:98,(anonymous_12)
FN:108,(anonymous_13)
FN:115,(anonymous_14)
FN:124,(anonymous_15)
FN:131,(anonymous_16)
FNF:17
FNH:0
FNDA:0,(anonymous_0)
FNDA:0,(anonymous_1)
FNDA:0,(anonymous_2)
FNDA:0,(anonymous_3)
FNDA:0,(anonymous_4)
FNDA:0,(anonymous_5)
FNDA:0,(anonymous_6)
FNDA:0,(anonymous_7)
FNDA:0,(anonymous_8)
FNDA:0,(anonymous_9)
FNDA:0,(anonymous_10)
FNDA:0,(anonymous_11)
FNDA:0,(anonymous_12)
FNDA:0,(anonymous_13)
FNDA:0,(anonymous_14)
FNDA:0,(anonymous_15)
FNDA:0,(anonymous_16)
DA:12,0
DA:15,0
DA:16,0
DA:17,0
DA:18,0
DA:20,0
DA:24,0
DA:26,0
DA:29,0
DA:39,0
DA:40,0
DA:41,0
DA:42,0
DA:44,0
DA:45,0
DA:53,0
DA:54,0
DA:55,0
DA:56,0
DA:58,0
DA:66,0
DA:67,0
DA:68,0
DA:69,0
DA:75,0
DA:83,0
DA:90,0
DA:91,0
DA:93,0
DA:94,0
DA:95,0
DA:99,0
DA:100,0
DA:102,0
DA:103,0
DA:104,0
DA:109,0
DA:110,0
DA:111,0
DA:116,0
DA:125,0
DA:126,0
DA:128,0
DA:132,0
DA:133,0
DA:135,0
DA:136,0
DA:138,0
LF:48
LH:0
BRDA:46,0,0,0
BRDA:46,0,1,0
BRDA:59,1,0,0
BRDA:59,1,1,0
BRDA:76,2,0,0
BRDA:76,2,1,0
BRDA:91,3,0,0
BRDA:91,3,1,0
BRDA:100,4,0,0
BRDA:100,4,1,0
BRDA:103,5,0,0
BRDA:103,5,1,0
BRDA:110,6,0,0
BRDA:110,6,1,0
BRDA:126,7,0,0
BRDA:126,7,1,0
BRDA:126,8,0,0
BRDA:126,8,1,0
BRDA:128,9,0,0
BRDA:128,9,1,0
BRDA:133,10,0,0
BRDA:133,10,1,0
BRDA:133,11,0,0
BRDA:133,11,1,0
BRDA:136,12,0,0
BRDA:136,12,1,0
BRF:26
BRH:0
end_of_record
TN:
SF:stores/index.ts
FNF:0
FNH:0
LF:0
LH:0
BRF:0
BRH:0
end_of_record
TN:
SF:stores/journeyStore.ts
FN:41,(anonymous_0)
FN:50,(anonymous_1)
FN:94,(anonymous_2)
FN:143,(anonymous_3)
FN:190,(anonymous_4)
FN:197,(anonymous_5)
FN:208,(anonymous_6)
FN:218,(anonymous_7)
FN:225,(anonymous_8)
FN:230,(anonymous_9)
FN:237,(anonymous_10)
FN:249,(anonymous_11)
FN:250,(anonymous_12)
FN:263,(anonymous_13)
FN:264,(anonymous_14)
FN:268,(anonymous_15)
FN:269,(anonymous_16)
FN:273,(anonymous_17)
FN:274,(anonymous_18)
FN:278,(anonymous_19)
FN:279,(anonymous_20)
FN:280,(anonymous_21)
FNF:22
FNH:16
FNDA:2,(anonymous_0)
FNDA:0,(anonymous_1)
FNDA:0,(anonymous_2)
FNDA:3,(anonymous_3)
FNDA:3,(anonymous_4)
FNDA:0,(anonymous_5)
FNDA:0,(anonymous_6)
FNDA:0,(anonymous_7)
FNDA:0,(anonymous_8)
FNDA:4,(anonymous_9)
FNDA:4,(anonymous_10)
FNDA:2,(anonymous_11)
FNDA:44,(anonymous_12)
FNDA:2,(anonymous_13)
FNDA:2,(anonymous_14)
FNDA:2,(anonymous_15)
FNDA:2,(anonymous_16)
FNDA:2,(anonymous_17)
FNDA:2,(anonymous_18)
FNDA:3,(anonymous_19)
FNDA:3,(anonymous_20)
FNDA:3,(anonymous_21)
DA:40,2
DA:41,2
DA:51,0
DA:52,0
DA:53,0
DA:55,0
DA:56,0
DA:61,0
DA:64,0
DA:66,0
DA:69,0
DA:71,0
DA:72,0
DA:73,0
DA:74,0
DA:75,0
DA:76,0
DA:77,0
DA:78,0
DA:79,0
DA:80,0
DA:81,0
DA:83,0
DA:87,0
DA:95,0
DA:96,0
DA:97,0
DA:99,0
DA:100,0
DA:105,0
DA:108,0
DA:111,0
DA:112,0
DA:115,0
DA:118,0
DA:120,0
DA:121,0
DA:122,0
DA:123,0
DA:124,0
DA:125,0
DA:126,0
DA:127,0
DA:128,0
DA:129,0
DA:130,0
DA:132,0
DA:136,0
DA:144,3
DA:145,3
DA:146,3
DA:148,2
DA:149,1
DA:156,1
DA:162,1
DA:165,1
DA:167,1
DA:168,1
DA:169,1
DA:170,0
DA:171,0
DA:172,0
DA:173,0
DA:174,0
DA:175,0
DA:176,0
DA:177,0
DA:179,0
DA:183,1
DA:191,3
DA:198,0
DA:199,0
DA:202,0
DA:203,0
DA:205,0
DA:209,0
DA:210,0
DA:212,0
DA:213,0
DA:214,0
DA:219,0
DA:220,0
DA:221,0
DA:226,0
DA:231,4
DA:232,4
DA:234,2
DA:238,4
DA:239,4
DA:241,4
DA:242,4
DA:244,3
DA:249,2
DA:250,44
DA:263,2
DA:264,2
DA:268,2
DA:269,2
DA:273,2
DA:274,2
DA:278,2
DA:279,3
DA:280,3
DA:282,3
DA:283,2
LF:105
LH:36
BRDA:55,0,0,0
BRDA:55,0,1,0
BRDA:55,1,0,0
BRDA:55,1,1,0
BRDA:71,2,0,0
BRDA:71,2,1,0
BRDA:72,3,0,0
BRDA:72,3,1,0
BRDA:72,4,0,0
BRDA:72,4,1,0
BRDA:74,5,0,0
BRDA:74,5,1,0
BRDA:74,6,0,0
BRDA:74,6,1,0
BRDA:76,7,0,0
BRDA:76,7,1,0
BRDA:78,8,0,0
BRDA:78,8,1,0
BRDA:78,9,0,0
BRDA:78,9,1,0
BRDA:80,10,0,0
BRDA:80,10,1,0
BRDA:99,11,0,0
BRDA:99,11,1,0
BRDA:99,12,0,0
BRDA:99,12,1,0
BRDA:111,13,0,0
BRDA:111,13,1,0
BRDA:120,14,0,0
BRDA:120,14,1,0
BRDA:121,15,0,0
BRDA:121,15,1,0
BRDA:121,16,0,0
BRDA:121,16,1,0
BRDA:123,17,0,0
BRDA:123,17,1,0
BRDA:123,18,0,0
BRDA:123,18,1,0
BRDA:125,19,0,0
BRDA:125,19,1,0
BRDA:127,20,0,0
BRDA:127,20,1,0
BRDA:127,21,0,0
BRDA:127,21,1,0
BRDA:129,22,0,0
BRDA:129,22,1,0
BRDA:148,23,0,1
BRDA:148,23,1,1
BRDA:167,24,0,1
BRDA:167,24,1,0
BRDA:168,25,0,1
BRDA:168,25,1,0
BRDA:168,26,0,1
BRDA:168,26,1,1
BRDA:170,27,0,0
BRDA:170,27,1,0
BRDA:170,28,0,0
BRDA:170,28,1,0
BRDA:172,29,0,0
BRDA:172,29,1,0
BRDA:174,30,0,0
BRDA:174,30,1,0
BRDA:174,31,0,0
BRDA:174,31,1,0
BRDA:176,32,0,0
BRDA:176,32,1,0
BRDA:199,33,0,0
BRDA:199,33,1,0
BRDA:210,34,0,0
BRDA:210,34,1,0
BRDA:213,35,0,0
BRDA:213,35,1,0
BRDA:220,36,0,0
BRDA:220,36,1,0
BRDA:232,37,0,2
BRDA:232,37,1,2
BRDA:232,38,0,4
BRDA:232,38,1,2
BRDA:234,39,0,2
BRDA:234,39,1,0
BRDA:239,40,0,0
BRDA:239,40,1,4
BRDA:239,41,0,4
BRDA:239,41,1,4
BRDA:242,42,0,1
BRDA:242,42,1,3
BRDA:269,43,0,2
BRDA:269,43,1,1
BRDA:280,44,0,3
BRDA:280,44,1,1
BRDA:282,45,0,1
BRDA:282,45,1,2
BRF:92
BRH:22
end_of_record
